<?xml version="1.0" encoding="UTF-8"?>
<!-- Generated by org.testng.reporters.JUnitReportReporter -->
<testsuite skipped="0" hostname="del1-lhp-N65013" name="practise.AppiumFramework.Ecommerce_tc_4" tests="1" failures="0" timestamp="27 Oct 2020 17:43:22 GMT" time="53.472" errors="0">
  <testcase name="totalValidation" time="53.472" classname="practise.AppiumFramework.Ecommerce_tc_4"/>
</testsuite> <!-- practise.AppiumFramework.Ecommerce_tc_4 -->
